

============================== 2023-01-02 21:07:41.321122 | 997abfcd-05a8-4999-ba86-83a9e2d48c3e ==============================
[0m21:07:41.321128 [info ] [MainThread]: Running with dbt=1.3.1
[0m21:07:41.321383 [debug] [MainThread]: running dbt with arguments {'write_json': True, 'use_colors': True, 'printer_width': 80, 'version_check': True, 'partial_parse': True, 'static_parser': True, 'profiles_dir': '/Users/bogdanowicz/.dbt', 'send_anonymous_usage_stats': True, 'event_buffer_size': 100000, 'quiet': False, 'no_print': False, 'project_name': 'learn-dbt', 'skip_profile_setup': False, 'which': 'init', 'indirect_selection': 'eager'}
[0m21:07:41.321475 [debug] [MainThread]: Tracking: tracking
[0m21:07:41.332371 [debug] [MainThread]: Sending event: {'category': 'dbt', 'action': 'invocation', 'label': 'start', 'context': [<snowplow_tracker.self_describing_json.SelfDescribingJson object at 0x105619700>, <snowplow_tracker.self_describing_json.SelfDescribingJson object at 0x105619100>, <snowplow_tracker.self_describing_json.SelfDescribingJson object at 0x1054eff40>]}
[0m21:07:50.116232 [debug] [MainThread]: Starter project path: /Users/bogdanowicz/.pyenv/versions/3.9.8/envs/dbt-test-3.9.8/lib/python3.9/site-packages/dbt/include/starter_project
[0m21:31:19.723451 [info ] [MainThread]: Profile learn_dbt written to /Users/bogdanowicz/.dbt/profiles.yml using target's profile_template.yml and your supplied values. Run 'dbt debug' to validate the connection.
[0m21:31:19.724959 [info ] [MainThread]: 
Your new dbt project "learn_dbt" was created!

For more information on how to configure the profiles.yml file,
please consult the dbt documentation here:

  https://docs.getdbt.com/docs/configure-your-profile

One more thing:

Need help? Don't hesitate to reach out to us via GitHub issues or on Slack:

  https://community.getdbt.com/

Happy modeling!

[0m21:31:19.725492 [debug] [MainThread]: Sending event: {'category': 'dbt', 'action': 'invocation', 'label': 'end', 'context': [<snowplow_tracker.self_describing_json.SelfDescribingJson object at 0x105613dc0>, <snowplow_tracker.self_describing_json.SelfDescribingJson object at 0x105613e80>, <snowplow_tracker.self_describing_json.SelfDescribingJson object at 0x105613ac0>]}
[0m21:31:19.725808 [debug] [MainThread]: Flushing usage events


============================== 2023-01-02 21:56:50.404512 | a13e2e9b-5a7c-429e-a98c-f91257ae5662 ==============================
[0m21:56:50.404518 [info ] [MainThread]: Running with dbt=1.3.1
[0m21:56:50.404878 [debug] [MainThread]: running dbt with arguments {'write_json': True, 'use_colors': True, 'printer_width': 80, 'version_check': True, 'partial_parse': True, 'static_parser': True, 'profiles_dir': '/Users/bogdanowicz/.dbt', 'send_anonymous_usage_stats': True, 'event_buffer_size': 100000, 'quiet': False, 'no_print': False, 'config_dir': False, 'which': 'debug', 'indirect_selection': 'eager'}
[0m21:56:50.404969 [debug] [MainThread]: Tracking: tracking
[0m21:56:50.418467 [debug] [MainThread]: Sending event: {'category': 'dbt', 'action': 'invocation', 'label': 'start', 'context': [<snowplow_tracker.self_describing_json.SelfDescribingJson object at 0x10593feb0>, <snowplow_tracker.self_describing_json.SelfDescribingJson object at 0x105931430>, <snowplow_tracker.self_describing_json.SelfDescribingJson object at 0x105913a00>]}
[0m21:56:50.638731 [debug] [MainThread]: Executing "git --help"
[0m21:56:50.650803 [debug] [MainThread]: STDOUT: "b"usage: git [-v | --version] [-h | --help] [-C <path>] [-c <name>=<value>]\n           [--exec-path[=<path>]] [--html-path] [--man-path] [--info-path]\n           [-p | --paginate | -P | --no-pager] [--no-replace-objects] [--bare]\n           [--git-dir=<path>] [--work-tree=<path>] [--namespace=<name>]\n           [--super-prefix=<path>] [--config-env=<name>=<envvar>]\n           <command> [<args>]\n\nThese are common Git commands used in various situations:\n\nstart a working area (see also: git help tutorial)\n   clone     Clone a repository into a new directory\n   init      Create an empty Git repository or reinitialize an existing one\n\nwork on the current change (see also: git help everyday)\n   add       Add file contents to the index\n   mv        Move or rename a file, a directory, or a symlink\n   restore   Restore working tree files\n   rm        Remove files from the working tree and from the index\n\nexamine the history and state (see also: git help revisions)\n   bisect    Use binary search to find the commit that introduced a bug\n   diff      Show changes between commits, commit and working tree, etc\n   grep      Print lines matching a pattern\n   log       Show commit logs\n   show      Show various types of objects\n   status    Show the working tree status\n\ngrow, mark and tweak your common history\n   branch    List, create, or delete branches\n   commit    Record changes to the repository\n   merge     Join two or more development histories together\n   rebase    Reapply commits on top of another base tip\n   reset     Reset current HEAD to the specified state\n   switch    Switch branches\n   tag       Create, list, delete or verify a tag object signed with GPG\n\ncollaborate (see also: git help workflows)\n   fetch     Download objects and refs from another repository\n   pull      Fetch from and integrate with another repository or a local branch\n   push      Update remote refs along with associated objects\n\n'git help -a' and 'git help -g' list available subcommands and some\nconcept guides. See 'git help <command>' or 'git help <concept>'\nto read about a specific subcommand or concept.\nSee 'git help git' for an overview of the system.\n""
[0m21:56:50.651376 [debug] [MainThread]: STDERR: "b''"
[0m21:56:50.690661 [debug] [MainThread]: Acquiring new snowflake connection "debug"
[0m21:56:50.691699 [debug] [MainThread]: Using snowflake connection "debug"
[0m21:56:50.691812 [debug] [MainThread]: On debug: select 1 as id
[0m21:56:50.691923 [debug] [MainThread]: Opening a new connection, currently in state init
[0m21:56:52.503569 [debug] [MainThread]: Snowflake adapter: Error running SQL: select 1 as id
[0m21:56:52.503901 [debug] [MainThread]: Snowflake adapter: Rolling back transaction.
[0m21:56:52.504164 [debug] [MainThread]: On debug: No close available on handle
[0m21:56:52.504602 [debug] [MainThread]: Sending event: {'category': 'dbt', 'action': 'invocation', 'label': 'end', 'context': [<snowplow_tracker.self_describing_json.SelfDescribingJson object at 0x106677be0>, <snowplow_tracker.self_describing_json.SelfDescribingJson object at 0x106677c40>, <snowplow_tracker.self_describing_json.SelfDescribingJson object at 0x106677b80>]}
[0m21:56:52.504936 [debug] [MainThread]: Flushing usage events
[0m21:56:52.639444 [debug] [MainThread]: Connection 'debug' was properly closed.
